2024-05-29 20:46:12.458 INFO  [restartedMain] [com.office.OfficeApplication] - Starting OfficeApplication using Java 17.0.9 with PID 18324 (C:\kimleeho\SoloProject\Office\build\classes\java\main started by kimleeho in C:\kimleeho\SoloProject\Office)
2024-05-29 20:46:12.464 INFO  [restartedMain] [com.office.OfficeApplication] - The following 1 profile is active: "local"
2024-05-29 20:46:12.531 INFO  [restartedMain] [o.s.b.d.e.DevToolsPropertyDefaultsPostProcessor] - Devtools property defaults active! Set 'spring.devtools.add-properties' to 'false' to disable
2024-05-29 20:46:12.531 INFO  [restartedMain] [o.s.b.d.e.DevToolsPropertyDefaultsPostProcessor] - For additional web related logging consider setting the 'logging.level.web' property to 'DEBUG'
2024-05-29 20:46:13.454 INFO  [restartedMain] [o.s.d.r.c.RepositoryConfigurationDelegate] - Bootstrapping Spring Data JPA repositories in DEFAULT mode.
2024-05-29 20:46:13.488 INFO  [restartedMain] [o.s.d.r.c.RepositoryConfigurationDelegate] - Finished Spring Data repository scanning in 20 ms. Found 0 JPA repository interfaces.
2024-05-29 20:46:14.256 INFO  [restartedMain] [o.s.b.w.embedded.tomcat.TomcatWebServer] - Tomcat initialized with port 8085 (http)
2024-05-29 20:46:14.272 INFO  [restartedMain] [o.apache.coyote.http11.Http11NioProtocol] - Initializing ProtocolHandler ["http-nio-8085"]
2024-05-29 20:46:14.275 INFO  [restartedMain] [o.apache.catalina.core.StandardService] - Starting service [Tomcat]
2024-05-29 20:46:14.275 INFO  [restartedMain] [org.apache.catalina.core.StandardEngine] - Starting Servlet engine: [Apache Tomcat/10.1.18]
2024-05-29 20:46:14.350 INFO  [restartedMain] [o.a.c.c.C.[Tomcat].[localhost].[/]] - Initializing Spring embedded WebApplicationContext
2024-05-29 20:46:14.350 INFO  [restartedMain] [o.s.b.w.s.c.ServletWebServerApplicationContext] - Root WebApplicationContext: initialization completed in 1818 ms
2024-05-29 20:46:14.549 INFO  [restartedMain] [com.zaxxer.hikari.HikariDataSource] - HikariPool-1 - Starting...
2024-05-29 20:46:14.720 INFO  [restartedMain] [com.zaxxer.hikari.pool.HikariPool] - HikariPool-1 - Added connection org.mariadb.jdbc.Connection@891f310
2024-05-29 20:46:14.724 INFO  [restartedMain] [com.zaxxer.hikari.HikariDataSource] - HikariPool-1 - Start completed.
2024-05-29 20:46:14.798 INFO  [restartedMain] [o.hibernate.jpa.internal.util.LogHelper] - HHH000204: Processing PersistenceUnitInfo [name: default]
2024-05-29 20:46:14.894 INFO  [restartedMain] [org.hibernate.Version] - HHH000412: Hibernate ORM core version 6.4.1.Final
2024-05-29 20:46:14.942 INFO  [restartedMain] [o.h.c.internal.RegionFactoryInitiator] - HHH000026: Second-level cache disabled
2024-05-29 20:46:15.359 INFO  [restartedMain] [o.s.o.j.p.SpringPersistenceUnitInfo] - No LoadTimeWeaver setup: ignoring JPA class transformer
2024-05-29 20:46:15.875 INFO  [restartedMain] [o.h.e.t.j.p.i.JtaPlatformInitiator] - HHH000489: No JTA platform available (set 'hibernate.transaction.jta.platform' to enable JTA platform integration)
2024-05-29 20:46:15.881 INFO  [restartedMain] [o.s.o.j.LocalContainerEntityManagerFactoryBean] - Initialized JPA EntityManagerFactory for persistence unit 'default'
2024-05-29 20:46:15.946 WARN  [restartedMain] [o.s.b.a.o.j.JpaBaseConfiguration$JpaWebConfiguration] - spring.jpa.open-in-view is enabled by default. Therefore, database queries may be performed during view rendering. Explicitly configure spring.jpa.open-in-view to disable this warning
2024-05-29 20:46:16.421 WARN  [restartedMain] [o.s.b.a.s.s.UserDetailsServiceAutoConfiguration] - 

Using generated security password: 52a0a876-45cd-47a1-a691-f2824562e797

This generated password is for development use only. Your security configuration must be updated before running your application in production.

2024-05-29 20:46:16.587 INFO  [restartedMain] [o.s.s.web.DefaultSecurityFilterChain] - Will secure any request with [org.springframework.security.web.session.DisableEncodeUrlFilter@104a4364, org.springframework.security.web.context.request.async.WebAsyncManagerIntegrationFilter@283575cc, org.springframework.security.web.context.SecurityContextHolderFilter@6dd718dd, org.springframework.security.web.header.HeaderWriterFilter@28df4701, org.springframework.web.filter.CorsFilter@1e721e89, org.springframework.security.web.csrf.CsrfFilter@6428c816, org.springframework.security.web.authentication.logout.LogoutFilter@6983eb23, org.springframework.security.web.authentication.UsernamePasswordAuthenticationFilter@130bea0f, org.springframework.security.web.authentication.ui.DefaultLoginPageGeneratingFilter@4ff63cbb, org.springframework.security.web.authentication.ui.DefaultLogoutPageGeneratingFilter@2e7714e8, org.springframework.security.web.authentication.www.BasicAuthenticationFilter@4d0f7fdc, org.springframework.security.web.savedrequest.RequestCacheAwareFilter@475069ff, org.springframework.security.web.servletapi.SecurityContextHolderAwareRequestFilter@6710b60, org.springframework.security.web.authentication.AnonymousAuthenticationFilter@6ce42321, org.springframework.security.web.access.ExceptionTranslationFilter@24c3c925, org.springframework.security.web.access.intercept.AuthorizationFilter@237e4016]
2024-05-29 20:46:16.673 INFO  [restartedMain] [o.s.b.d.a.OptionalLiveReloadServer] - LiveReload server is running on port 35729
2024-05-29 20:46:16.701 INFO  [restartedMain] [o.apache.coyote.http11.Http11NioProtocol] - Starting ProtocolHandler ["http-nio-8085"]
2024-05-29 20:46:16.722 INFO  [restartedMain] [o.s.b.w.embedded.tomcat.TomcatWebServer] - Tomcat started on port 8085 (http) with context path ''
2024-05-29 20:46:16.732 INFO  [restartedMain] [com.office.OfficeApplication] - Started OfficeApplication in 4.832 seconds (process running for 5.872)
2024-05-29 20:48:29.906 INFO  [http-nio-8085-exec-1] [o.a.c.c.C.[Tomcat].[localhost].[/]] - Initializing Spring DispatcherServlet 'dispatcherServlet'
2024-05-29 20:48:29.906 INFO  [http-nio-8085-exec-1] [o.s.web.servlet.DispatcherServlet] - Initializing Servlet 'dispatcherServlet'
2024-05-29 20:48:29.908 INFO  [http-nio-8085-exec-1] [o.s.web.servlet.DispatcherServlet] - Completed initialization in 2 ms
2024-05-29 20:51:05.788 INFO  [File Watcher] [o.s.b.d.a.LocalDevToolsAutoConfiguration$RestartingClassPathChangeChangedEventListener] - Restarting due to 21 class path changes (0 additions, 0 deletions, 21 modifications)
2024-05-29 20:51:05.797 INFO  [Thread-5] [o.apache.coyote.http11.Http11NioProtocol] - Stopping ProtocolHandler ["http-nio-8085"]
2024-05-29 20:51:05.811 INFO  [Thread-5] [o.s.o.j.LocalContainerEntityManagerFactoryBean] - Closing JPA EntityManagerFactory for persistence unit 'default'
2024-05-29 20:51:05.826 INFO  [Thread-5] [com.zaxxer.hikari.HikariDataSource] - HikariPool-1 - Shutdown initiated...
2024-05-29 20:51:05.831 INFO  [Thread-5] [com.zaxxer.hikari.HikariDataSource] - HikariPool-1 - Shutdown completed.
2024-05-29 20:51:05.940 INFO  [restartedMain] [com.office.OfficeApplication] - Starting OfficeApplication using Java 17.0.9 with PID 18324 (C:\kimleeho\SoloProject\Office\build\classes\java\main started by kimleeho in C:\kimleeho\SoloProject\Office)
2024-05-29 20:51:05.940 INFO  [restartedMain] [com.office.OfficeApplication] - The following 1 profile is active: "local"
2024-05-29 20:51:06.127 INFO  [restartedMain] [o.s.d.r.c.RepositoryConfigurationDelegate] - Bootstrapping Spring Data JPA repositories in DEFAULT mode.
2024-05-29 20:51:06.129 INFO  [restartedMain] [o.s.d.r.c.RepositoryConfigurationDelegate] - Finished Spring Data repository scanning in 2 ms. Found 0 JPA repository interfaces.
2024-05-29 20:51:06.240 INFO  [restartedMain] [o.s.b.w.embedded.tomcat.TomcatWebServer] - Tomcat initialized with port 8085 (http)
2024-05-29 20:51:06.241 INFO  [restartedMain] [o.apache.coyote.http11.Http11NioProtocol] - Initializing ProtocolHandler ["http-nio-8085"]
2024-05-29 20:51:06.241 INFO  [restartedMain] [o.apache.catalina.core.StandardService] - Starting service [Tomcat]
2024-05-29 20:51:06.242 INFO  [restartedMain] [org.apache.catalina.core.StandardEngine] - Starting Servlet engine: [Apache Tomcat/10.1.18]
2024-05-29 20:51:06.261 INFO  [restartedMain] [o.a.c.c.C.[Tomcat].[localhost].[/]] - Initializing Spring embedded WebApplicationContext
2024-05-29 20:51:06.261 INFO  [restartedMain] [o.s.b.w.s.c.ServletWebServerApplicationContext] - Root WebApplicationContext: initialization completed in 319 ms
2024-05-29 20:51:06.303 INFO  [restartedMain] [com.zaxxer.hikari.HikariDataSource] - HikariPool-2 - Starting...
2024-05-29 20:51:06.307 INFO  [restartedMain] [com.zaxxer.hikari.pool.HikariPool] - HikariPool-2 - Added connection org.mariadb.jdbc.Connection@9eb66bf
2024-05-29 20:51:06.307 INFO  [restartedMain] [com.zaxxer.hikari.HikariDataSource] - HikariPool-2 - Start completed.
2024-05-29 20:51:06.308 INFO  [restartedMain] [o.hibernate.jpa.internal.util.LogHelper] - HHH000204: Processing PersistenceUnitInfo [name: default]
2024-05-29 20:51:06.311 INFO  [restartedMain] [o.h.c.internal.RegionFactoryInitiator] - HHH000026: Second-level cache disabled
2024-05-29 20:51:06.316 INFO  [restartedMain] [o.s.o.j.p.SpringPersistenceUnitInfo] - No LoadTimeWeaver setup: ignoring JPA class transformer
2024-05-29 20:51:06.326 INFO  [restartedMain] [o.h.e.t.j.p.i.JtaPlatformInitiator] - HHH000489: No JTA platform available (set 'hibernate.transaction.jta.platform' to enable JTA platform integration)
2024-05-29 20:51:06.326 INFO  [restartedMain] [o.s.o.j.LocalContainerEntityManagerFactoryBean] - Initialized JPA EntityManagerFactory for persistence unit 'default'
2024-05-29 20:51:06.348 WARN  [restartedMain] [o.s.b.a.o.j.JpaBaseConfiguration$JpaWebConfiguration] - spring.jpa.open-in-view is enabled by default. Therefore, database queries may be performed during view rendering. Explicitly configure spring.jpa.open-in-view to disable this warning
2024-05-29 20:51:06.469 INFO  [restartedMain] [o.s.s.web.DefaultSecurityFilterChain] - Will secure any request with [org.springframework.security.web.session.DisableEncodeUrlFilter@22adf47, org.springframework.security.web.context.request.async.WebAsyncManagerIntegrationFilter@1c4f6101, org.springframework.security.web.context.SecurityContextHolderFilter@24f725a7, org.springframework.security.web.header.HeaderWriterFilter@3f3e0da2, org.springframework.web.filter.CorsFilter@6664c546, org.springframework.security.web.csrf.CsrfFilter@60a11221, org.springframework.security.web.authentication.logout.LogoutFilter@18efa3e2, org.springframework.security.web.authentication.UsernamePasswordAuthenticationFilter@7f60a628, org.springframework.security.web.authentication.ui.DefaultLoginPageGeneratingFilter@316b1be9, org.springframework.security.web.authentication.ui.DefaultLogoutPageGeneratingFilter@53703a5d, org.springframework.security.web.authentication.www.BasicAuthenticationFilter@1af5ea95, org.springframework.security.web.savedrequest.RequestCacheAwareFilter@4c2f0b02, org.springframework.security.web.servletapi.SecurityContextHolderAwareRequestFilter@7e775a98, org.springframework.security.web.authentication.AnonymousAuthenticationFilter@7740793, org.springframework.security.web.access.ExceptionTranslationFilter@48bf4abd, org.springframework.security.web.access.intercept.AuthorizationFilter@355565d6]
2024-05-29 20:51:06.478 INFO  [restartedMain] [o.s.b.d.a.OptionalLiveReloadServer] - LiveReload server is running on port 35729
2024-05-29 20:51:06.489 INFO  [restartedMain] [o.apache.coyote.http11.Http11NioProtocol] - Starting ProtocolHandler ["http-nio-8085"]
2024-05-29 20:51:06.493 INFO  [restartedMain] [o.s.b.w.embedded.tomcat.TomcatWebServer] - Tomcat started on port 8085 (http) with context path ''
2024-05-29 20:51:06.498 INFO  [restartedMain] [com.office.OfficeApplication] - Started OfficeApplication in 0.595 seconds (process running for 295.637)
2024-05-29 20:51:06.500 INFO  [restartedMain] [o.s.b.d.a.ConditionEvaluationDeltaLoggingListener] - Condition evaluation unchanged
2024-05-29 20:51:08.951 INFO  [http-nio-8085-exec-1] [o.a.c.c.C.[Tomcat].[localhost].[/]] - Initializing Spring DispatcherServlet 'dispatcherServlet'
2024-05-29 20:51:08.951 INFO  [http-nio-8085-exec-1] [o.s.web.servlet.DispatcherServlet] - Initializing Servlet 'dispatcherServlet'
2024-05-29 20:51:08.953 INFO  [http-nio-8085-exec-1] [o.s.web.servlet.DispatcherServlet] - Completed initialization in 2 ms
2024-05-29 20:51:34.951 INFO  [SpringApplicationShutdownHook] [o.s.o.j.LocalContainerEntityManagerFactoryBean] - Closing JPA EntityManagerFactory for persistence unit 'default'
2024-05-29 20:51:34.953 INFO  [SpringApplicationShutdownHook] [com.zaxxer.hikari.HikariDataSource] - HikariPool-2 - Shutdown initiated...
2024-05-29 20:51:34.957 INFO  [SpringApplicationShutdownHook] [com.zaxxer.hikari.HikariDataSource] - HikariPool-2 - Shutdown completed.
2024-05-29 20:51:37.970 INFO  [restartedMain] [com.office.OfficeApplication] - Starting OfficeApplication using Java 17.0.9 with PID 8224 (C:\kimleeho\SoloProject\Office\build\classes\java\main started by kimleeho in C:\kimleeho\SoloProject\Office)
2024-05-29 20:51:37.972 INFO  [restartedMain] [com.office.OfficeApplication] - The following 1 profile is active: "local"
2024-05-29 20:51:38.035 INFO  [restartedMain] [o.s.b.d.e.DevToolsPropertyDefaultsPostProcessor] - Devtools property defaults active! Set 'spring.devtools.add-properties' to 'false' to disable
2024-05-29 20:51:38.035 INFO  [restartedMain] [o.s.b.d.e.DevToolsPropertyDefaultsPostProcessor] - For additional web related logging consider setting the 'logging.level.web' property to 'DEBUG'
2024-05-29 20:51:38.908 INFO  [restartedMain] [o.s.d.r.c.RepositoryConfigurationDelegate] - Bootstrapping Spring Data JPA repositories in DEFAULT mode.
2024-05-29 20:51:38.931 INFO  [restartedMain] [o.s.d.r.c.RepositoryConfigurationDelegate] - Finished Spring Data repository scanning in 15 ms. Found 0 JPA repository interfaces.
2024-05-29 20:51:39.523 INFO  [restartedMain] [o.s.b.w.embedded.tomcat.TomcatWebServer] - Tomcat initialized with port 8085 (http)
2024-05-29 20:51:39.533 INFO  [restartedMain] [o.apache.coyote.http11.Http11NioProtocol] - Initializing ProtocolHandler ["http-nio-8085"]
2024-05-29 20:51:39.536 INFO  [restartedMain] [o.apache.catalina.core.StandardService] - Starting service [Tomcat]
2024-05-29 20:51:39.536 INFO  [restartedMain] [org.apache.catalina.core.StandardEngine] - Starting Servlet engine: [Apache Tomcat/10.1.18]
2024-05-29 20:51:39.588 INFO  [restartedMain] [o.a.c.c.C.[Tomcat].[localhost].[/]] - Initializing Spring embedded WebApplicationContext
2024-05-29 20:51:39.588 INFO  [restartedMain] [o.s.b.w.s.c.ServletWebServerApplicationContext] - Root WebApplicationContext: initialization completed in 1552 ms
2024-05-29 20:51:39.780 INFO  [restartedMain] [com.zaxxer.hikari.HikariDataSource] - HikariPool-1 - Starting...
2024-05-29 20:51:39.877 INFO  [restartedMain] [com.zaxxer.hikari.pool.HikariPool] - HikariPool-1 - Added connection org.mariadb.jdbc.Connection@7bf7cde0
2024-05-29 20:51:39.879 INFO  [restartedMain] [com.zaxxer.hikari.HikariDataSource] - HikariPool-1 - Start completed.
2024-05-29 20:51:39.922 INFO  [restartedMain] [o.hibernate.jpa.internal.util.LogHelper] - HHH000204: Processing PersistenceUnitInfo [name: default]
2024-05-29 20:51:39.972 INFO  [restartedMain] [org.hibernate.Version] - HHH000412: Hibernate ORM core version 6.4.1.Final
2024-05-29 20:51:40.027 INFO  [restartedMain] [o.h.c.internal.RegionFactoryInitiator] - HHH000026: Second-level cache disabled
2024-05-29 20:51:40.311 INFO  [restartedMain] [o.s.o.j.p.SpringPersistenceUnitInfo] - No LoadTimeWeaver setup: ignoring JPA class transformer
2024-05-29 20:51:40.688 INFO  [restartedMain] [o.h.e.t.j.p.i.JtaPlatformInitiator] - HHH000489: No JTA platform available (set 'hibernate.transaction.jta.platform' to enable JTA platform integration)
2024-05-29 20:51:40.696 INFO  [restartedMain] [o.s.o.j.LocalContainerEntityManagerFactoryBean] - Initialized JPA EntityManagerFactory for persistence unit 'default'
2024-05-29 20:51:40.746 WARN  [restartedMain] [o.s.b.a.o.j.JpaBaseConfiguration$JpaWebConfiguration] - spring.jpa.open-in-view is enabled by default. Therefore, database queries may be performed during view rendering. Explicitly configure spring.jpa.open-in-view to disable this warning
2024-05-29 20:51:41.263 INFO  [restartedMain] [o.s.s.web.DefaultSecurityFilterChain] - Will secure any request with [org.springframework.security.web.session.DisableEncodeUrlFilter@369f7fbf, org.springframework.security.web.context.request.async.WebAsyncManagerIntegrationFilter@70e75624, org.springframework.security.web.context.SecurityContextHolderFilter@391753d2, org.springframework.security.web.header.HeaderWriterFilter@30f7c58e, org.springframework.web.filter.CorsFilter@7e96f8d0, org.springframework.security.web.csrf.CsrfFilter@2488c96e, org.springframework.security.web.authentication.logout.LogoutFilter@79377615, org.springframework.security.web.authentication.UsernamePasswordAuthenticationFilter@53649035, org.springframework.security.web.authentication.ui.DefaultLoginPageGeneratingFilter@421b5c16, org.springframework.security.web.authentication.ui.DefaultLogoutPageGeneratingFilter@60c1c9d2, org.springframework.security.web.authentication.www.BasicAuthenticationFilter@39c6f727, org.springframework.security.web.savedrequest.RequestCacheAwareFilter@19c35be2, org.springframework.security.web.servletapi.SecurityContextHolderAwareRequestFilter@35020aba, org.springframework.security.web.authentication.AnonymousAuthenticationFilter@2dee20f2, org.springframework.security.web.access.ExceptionTranslationFilter@7732e5d6, org.springframework.security.web.access.intercept.AuthorizationFilter@54f517b4]
2024-05-29 20:51:41.320 INFO  [restartedMain] [o.s.b.d.a.OptionalLiveReloadServer] - LiveReload server is running on port 35729
2024-05-29 20:51:41.338 INFO  [restartedMain] [o.apache.coyote.http11.Http11NioProtocol] - Starting ProtocolHandler ["http-nio-8085"]
2024-05-29 20:51:41.356 INFO  [restartedMain] [o.s.b.w.embedded.tomcat.TomcatWebServer] - Tomcat started on port 8085 (http) with context path ''
2024-05-29 20:51:41.368 INFO  [restartedMain] [com.office.OfficeApplication] - Started OfficeApplication in 3.991 seconds (process running for 4.882)
2024-05-29 20:51:42.263 INFO  [http-nio-8085-exec-1] [o.a.c.c.C.[Tomcat].[localhost].[/]] - Initializing Spring DispatcherServlet 'dispatcherServlet'
2024-05-29 20:51:42.264 INFO  [http-nio-8085-exec-1] [o.s.web.servlet.DispatcherServlet] - Initializing Servlet 'dispatcherServlet'
2024-05-29 20:51:42.265 INFO  [http-nio-8085-exec-1] [o.s.web.servlet.DispatcherServlet] - Completed initialization in 1 ms
2024-05-29 20:51:46.824 WARN  [http-nio-8085-exec-8] [o.s.web.servlet.PageNotFound] - No mapping for GET /index.html
2024-05-29 20:51:46.845 WARN  [http-nio-8085-exec-8] [o.s.web.servlet.PageNotFound] - No endpoint GET /index.html.
2024-05-29 20:51:47.012 WARN  [http-nio-8085-exec-9] [o.s.web.servlet.PageNotFound] - No mapping for GET /favicon.ico
2024-05-29 20:51:47.015 WARN  [http-nio-8085-exec-9] [o.s.web.servlet.PageNotFound] - No endpoint GET /favicon.ico.
2024-05-29 20:52:13.256 INFO  [SpringApplicationShutdownHook] [o.s.o.j.LocalContainerEntityManagerFactoryBean] - Closing JPA EntityManagerFactory for persistence unit 'default'
2024-05-29 20:52:13.261 INFO  [SpringApplicationShutdownHook] [com.zaxxer.hikari.HikariDataSource] - HikariPool-1 - Shutdown initiated...
2024-05-29 20:52:13.266 INFO  [SpringApplicationShutdownHook] [com.zaxxer.hikari.HikariDataSource] - HikariPool-1 - Shutdown completed.
2024-05-29 20:52:16.656 INFO  [restartedMain] [com.office.OfficeApplication] - Starting OfficeApplication using Java 17.0.9 with PID 17388 (C:\kimleeho\SoloProject\Office\build\classes\java\main started by kimleeho in C:\kimleeho\SoloProject\Office)
2024-05-29 20:52:16.659 INFO  [restartedMain] [com.office.OfficeApplication] - The following 1 profile is active: "local"
2024-05-29 20:52:16.713 INFO  [restartedMain] [o.s.b.d.e.DevToolsPropertyDefaultsPostProcessor] - Devtools property defaults active! Set 'spring.devtools.add-properties' to 'false' to disable
2024-05-29 20:52:16.714 INFO  [restartedMain] [o.s.b.d.e.DevToolsPropertyDefaultsPostProcessor] - For additional web related logging consider setting the 'logging.level.web' property to 'DEBUG'
2024-05-29 20:52:17.623 INFO  [restartedMain] [o.s.d.r.c.RepositoryConfigurationDelegate] - Bootstrapping Spring Data JPA repositories in DEFAULT mode.
2024-05-29 20:52:17.655 INFO  [restartedMain] [o.s.d.r.c.RepositoryConfigurationDelegate] - Finished Spring Data repository scanning in 21 ms. Found 0 JPA repository interfaces.
2024-05-29 20:52:18.327 INFO  [restartedMain] [o.s.b.w.embedded.tomcat.TomcatWebServer] - Tomcat initialized with port 8085 (http)
2024-05-29 20:52:18.338 INFO  [restartedMain] [o.apache.coyote.http11.Http11NioProtocol] - Initializing ProtocolHandler ["http-nio-8085"]
2024-05-29 20:52:18.341 INFO  [restartedMain] [o.apache.catalina.core.StandardService] - Starting service [Tomcat]
2024-05-29 20:52:18.341 INFO  [restartedMain] [org.apache.catalina.core.StandardEngine] - Starting Servlet engine: [Apache Tomcat/10.1.18]
2024-05-29 20:52:18.407 INFO  [restartedMain] [o.a.c.c.C.[Tomcat].[localhost].[/]] - Initializing Spring embedded WebApplicationContext
2024-05-29 20:52:18.407 INFO  [restartedMain] [o.s.b.w.s.c.ServletWebServerApplicationContext] - Root WebApplicationContext: initialization completed in 1693 ms
2024-05-29 20:52:18.583 INFO  [restartedMain] [com.zaxxer.hikari.HikariDataSource] - HikariPool-1 - Starting...
2024-05-29 20:52:18.678 INFO  [restartedMain] [com.zaxxer.hikari.pool.HikariPool] - HikariPool-1 - Added connection org.mariadb.jdbc.Connection@4bdafa8e
2024-05-29 20:52:18.681 INFO  [restartedMain] [com.zaxxer.hikari.HikariDataSource] - HikariPool-1 - Start completed.
2024-05-29 20:52:18.725 INFO  [restartedMain] [o.hibernate.jpa.internal.util.LogHelper] - HHH000204: Processing PersistenceUnitInfo [name: default]
2024-05-29 20:52:18.783 INFO  [restartedMain] [org.hibernate.Version] - HHH000412: Hibernate ORM core version 6.4.1.Final
2024-05-29 20:52:18.844 INFO  [restartedMain] [o.h.c.internal.RegionFactoryInitiator] - HHH000026: Second-level cache disabled
2024-05-29 20:52:19.144 INFO  [restartedMain] [o.s.o.j.p.SpringPersistenceUnitInfo] - No LoadTimeWeaver setup: ignoring JPA class transformer
2024-05-29 20:52:19.582 INFO  [restartedMain] [o.h.e.t.j.p.i.JtaPlatformInitiator] - HHH000489: No JTA platform available (set 'hibernate.transaction.jta.platform' to enable JTA platform integration)
2024-05-29 20:52:19.588 INFO  [restartedMain] [o.s.o.j.LocalContainerEntityManagerFactoryBean] - Initialized JPA EntityManagerFactory for persistence unit 'default'
2024-05-29 20:52:19.650 WARN  [restartedMain] [o.s.b.a.o.j.JpaBaseConfiguration$JpaWebConfiguration] - spring.jpa.open-in-view is enabled by default. Therefore, database queries may be performed during view rendering. Explicitly configure spring.jpa.open-in-view to disable this warning
2024-05-29 20:52:20.231 INFO  [restartedMain] [o.s.s.web.DefaultSecurityFilterChain] - Will secure any request with [org.springframework.security.web.session.DisableEncodeUrlFilter@584d6410, org.springframework.security.web.context.request.async.WebAsyncManagerIntegrationFilter@63d4ac33, org.springframework.security.web.context.SecurityContextHolderFilter@39309420, org.springframework.security.web.header.HeaderWriterFilter@3a46e47d, org.springframework.web.filter.CorsFilter@724b51da, org.springframework.security.web.csrf.CsrfFilter@33db6b6f, org.springframework.security.web.authentication.logout.LogoutFilter@132573cd, org.springframework.security.web.authentication.UsernamePasswordAuthenticationFilter@51ec9859, org.springframework.security.web.authentication.ui.DefaultLoginPageGeneratingFilter@104a4364, org.springframework.security.web.authentication.ui.DefaultLogoutPageGeneratingFilter@b8a7e83, org.springframework.security.web.authentication.www.BasicAuthenticationFilter@3df59f6c, org.springframework.security.web.savedrequest.RequestCacheAwareFilter@5679963b, org.springframework.security.web.servletapi.SecurityContextHolderAwareRequestFilter@19892866, org.springframework.security.web.authentication.AnonymousAuthenticationFilter@3854f606, org.springframework.security.web.access.ExceptionTranslationFilter@237e4016, org.springframework.security.web.access.intercept.AuthorizationFilter@1c3a9be0]
2024-05-29 20:52:20.301 INFO  [restartedMain] [o.s.b.d.a.OptionalLiveReloadServer] - LiveReload server is running on port 35729
2024-05-29 20:52:20.324 INFO  [restartedMain] [o.apache.coyote.http11.Http11NioProtocol] - Starting ProtocolHandler ["http-nio-8085"]
2024-05-29 20:52:20.347 INFO  [restartedMain] [o.s.b.w.embedded.tomcat.TomcatWebServer] - Tomcat started on port 8085 (http) with context path ''
2024-05-29 20:52:20.361 INFO  [restartedMain] [com.office.OfficeApplication] - Started OfficeApplication in 4.167 seconds (process running for 5.129)
2024-05-29 20:52:22.586 INFO  [http-nio-8085-exec-1] [o.a.c.c.C.[Tomcat].[localhost].[/]] - Initializing Spring DispatcherServlet 'dispatcherServlet'
2024-05-29 20:52:22.586 INFO  [http-nio-8085-exec-1] [o.s.web.servlet.DispatcherServlet] - Initializing Servlet 'dispatcherServlet'
2024-05-29 20:52:22.587 INFO  [http-nio-8085-exec-1] [o.s.web.servlet.DispatcherServlet] - Completed initialization in 1 ms
2024-05-29 20:52:22.628 WARN  [http-nio-8085-exec-1] [o.s.web.servlet.PageNotFound] - No mapping for GET /index.html
2024-05-29 20:52:22.636 WARN  [http-nio-8085-exec-1] [o.s.web.servlet.PageNotFound] - No endpoint GET /index.html.
2024-05-29 20:52:27.762 WARN  [http-nio-8085-exec-2] [o.s.web.servlet.PageNotFound] - No mapping for GET /index.html
2024-05-29 20:52:27.763 WARN  [http-nio-8085-exec-2] [o.s.web.servlet.PageNotFound] - No endpoint GET /index.html.
2024-05-29 20:52:44.028 WARN  [http-nio-8085-exec-3] [o.s.web.servlet.PageNotFound] - No mapping for GET /index
2024-05-29 20:52:44.029 WARN  [http-nio-8085-exec-3] [o.s.web.servlet.PageNotFound] - No endpoint GET /index.
2024-05-29 20:53:02.658 WARN  [http-nio-8085-exec-4] [o.s.web.servlet.PageNotFound] - No mapping for GET /index
2024-05-29 20:53:02.659 WARN  [http-nio-8085-exec-4] [o.s.web.servlet.PageNotFound] - No endpoint GET /index.
2024-05-29 20:53:03.123 WARN  [http-nio-8085-exec-5] [o.s.web.servlet.PageNotFound] - No mapping for GET /index
2024-05-29 20:53:03.125 WARN  [http-nio-8085-exec-5] [o.s.web.servlet.PageNotFound] - No endpoint GET /index.
2024-05-29 20:53:03.378 WARN  [http-nio-8085-exec-7] [o.s.web.servlet.PageNotFound] - No mapping for GET /index
2024-05-29 20:53:03.379 WARN  [http-nio-8085-exec-7] [o.s.web.servlet.PageNotFound] - No endpoint GET /index.
2024-05-29 20:53:03.623 WARN  [http-nio-8085-exec-6] [o.s.web.servlet.PageNotFound] - No mapping for GET /index
2024-05-29 20:53:03.624 WARN  [http-nio-8085-exec-6] [o.s.web.servlet.PageNotFound] - No endpoint GET /index.
2024-05-29 20:53:03.907 INFO  [File Watcher] [o.s.b.d.a.LocalDevToolsAutoConfiguration$RestartingClassPathChangeChangedEventListener] - Restarting due to 1 class path change (0 additions, 1 deletion, 0 modifications)
2024-05-29 20:53:03.912 INFO  [Thread-5] [o.apache.coyote.http11.Http11NioProtocol] - Stopping ProtocolHandler ["http-nio-8085"]
2024-05-29 20:53:03.925 INFO  [Thread-5] [o.s.o.j.LocalContainerEntityManagerFactoryBean] - Closing JPA EntityManagerFactory for persistence unit 'default'
2024-05-29 20:53:03.929 INFO  [Thread-5] [com.zaxxer.hikari.HikariDataSource] - HikariPool-1 - Shutdown initiated...
2024-05-29 20:53:03.933 INFO  [Thread-5] [com.zaxxer.hikari.HikariDataSource] - HikariPool-1 - Shutdown completed.
2024-05-29 20:53:04.037 INFO  [restartedMain] [com.office.OfficeApplication] - Starting OfficeApplication using Java 17.0.9 with PID 17388 (C:\kimleeho\SoloProject\Office\build\classes\java\main started by kimleeho in C:\kimleeho\SoloProject\Office)
2024-05-29 20:53:04.037 INFO  [restartedMain] [com.office.OfficeApplication] - The following 1 profile is active: "local"
2024-05-29 20:53:04.314 INFO  [restartedMain] [o.s.d.r.c.RepositoryConfigurationDelegate] - Bootstrapping Spring Data JPA repositories in DEFAULT mode.
2024-05-29 20:53:04.317 INFO  [restartedMain] [o.s.d.r.c.RepositoryConfigurationDelegate] - Finished Spring Data repository scanning in 2 ms. Found 0 JPA repository interfaces.
2024-05-29 20:53:04.425 INFO  [restartedMain] [o.s.b.w.embedded.tomcat.TomcatWebServer] - Tomcat initialized with port 8085 (http)
2024-05-29 20:53:04.426 INFO  [restartedMain] [o.apache.coyote.http11.Http11NioProtocol] - Initializing ProtocolHandler ["http-nio-8085"]
2024-05-29 20:53:04.426 INFO  [restartedMain] [o.apache.catalina.core.StandardService] - Starting service [Tomcat]
2024-05-29 20:53:04.426 INFO  [restartedMain] [org.apache.catalina.core.StandardEngine] - Starting Servlet engine: [Apache Tomcat/10.1.18]
2024-05-29 20:53:04.442 INFO  [restartedMain] [o.a.c.c.C.[Tomcat].[localhost].[/]] - Initializing Spring embedded WebApplicationContext
2024-05-29 20:53:04.442 INFO  [restartedMain] [o.s.b.w.s.c.ServletWebServerApplicationContext] - Root WebApplicationContext: initialization completed in 399 ms
2024-05-29 20:53:04.489 INFO  [restartedMain] [com.zaxxer.hikari.HikariDataSource] - HikariPool-2 - Starting...
2024-05-29 20:53:04.493 INFO  [restartedMain] [com.zaxxer.hikari.pool.HikariPool] - HikariPool-2 - Added connection org.mariadb.jdbc.Connection@53fbec06
2024-05-29 20:53:04.493 INFO  [restartedMain] [com.zaxxer.hikari.HikariDataSource] - HikariPool-2 - Start completed.
2024-05-29 20:53:04.494 INFO  [restartedMain] [o.hibernate.jpa.internal.util.LogHelper] - HHH000204: Processing PersistenceUnitInfo [name: default]
2024-05-29 20:53:04.498 INFO  [restartedMain] [o.h.c.internal.RegionFactoryInitiator] - HHH000026: Second-level cache disabled
2024-05-29 20:53:04.503 INFO  [restartedMain] [o.s.o.j.p.SpringPersistenceUnitInfo] - No LoadTimeWeaver setup: ignoring JPA class transformer
2024-05-29 20:53:04.513 INFO  [restartedMain] [o.h.e.t.j.p.i.JtaPlatformInitiator] - HHH000489: No JTA platform available (set 'hibernate.transaction.jta.platform' to enable JTA platform integration)
2024-05-29 20:53:04.513 INFO  [restartedMain] [o.s.o.j.LocalContainerEntityManagerFactoryBean] - Initialized JPA EntityManagerFactory for persistence unit 'default'
2024-05-29 20:53:04.539 WARN  [restartedMain] [o.s.b.a.o.j.JpaBaseConfiguration$JpaWebConfiguration] - spring.jpa.open-in-view is enabled by default. Therefore, database queries may be performed during view rendering. Explicitly configure spring.jpa.open-in-view to disable this warning
2024-05-29 20:53:04.722 INFO  [restartedMain] [o.s.s.web.DefaultSecurityFilterChain] - Will secure any request with [org.springframework.security.web.session.DisableEncodeUrlFilter@79508d56, org.springframework.security.web.context.request.async.WebAsyncManagerIntegrationFilter@129ef552, org.springframework.security.web.context.SecurityContextHolderFilter@5ecaf872, org.springframework.security.web.header.HeaderWriterFilter@3cfa48b2, org.springframework.web.filter.CorsFilter@53a446bc, org.springframework.security.web.csrf.CsrfFilter@643d6094, org.springframework.security.web.authentication.logout.LogoutFilter@1ff40140, org.springframework.security.web.authentication.UsernamePasswordAuthenticationFilter@266cf2f7, org.springframework.security.web.authentication.ui.DefaultLoginPageGeneratingFilter@27ee3877, org.springframework.security.web.authentication.ui.DefaultLogoutPageGeneratingFilter@2233fb72, org.springframework.security.web.authentication.www.BasicAuthenticationFilter@19ad197b, org.springframework.security.web.savedrequest.RequestCacheAwareFilter@51fc0aff, org.springframework.security.web.servletapi.SecurityContextHolderAwareRequestFilter@49bf462a, org.springframework.security.web.authentication.AnonymousAuthenticationFilter@5ff4f85f, org.springframework.security.web.access.ExceptionTranslationFilter@19f02577, org.springframework.security.web.access.intercept.AuthorizationFilter@7a3232fc]
2024-05-29 20:53:04.740 INFO  [restartedMain] [o.s.b.d.a.OptionalLiveReloadServer] - LiveReload server is running on port 35729
2024-05-29 20:53:04.750 INFO  [restartedMain] [o.apache.coyote.http11.Http11NioProtocol] - Starting ProtocolHandler ["http-nio-8085"]
2024-05-29 20:53:04.753 INFO  [restartedMain] [o.s.b.w.embedded.tomcat.TomcatWebServer] - Tomcat started on port 8085 (http) with context path ''
2024-05-29 20:53:04.761 INFO  [restartedMain] [com.office.OfficeApplication] - Started OfficeApplication in 0.785 seconds (process running for 49.53)
2024-05-29 20:53:04.765 INFO  [restartedMain] [o.s.b.d.a.ConditionEvaluationDeltaLoggingListener] - Condition evaluation unchanged
2024-05-29 20:53:06.163 INFO  [File Watcher] [o.s.b.d.a.LocalDevToolsAutoConfiguration$RestartingClassPathChangeChangedEventListener] - Restarting due to 1 class path change (1 addition, 0 deletions, 0 modifications)
2024-05-29 20:53:06.168 INFO  [Thread-7] [o.apache.coyote.http11.Http11NioProtocol] - Stopping ProtocolHandler ["http-nio-8085"]
2024-05-29 20:53:06.192 INFO  [Thread-7] [o.s.o.j.LocalContainerEntityManagerFactoryBean] - Closing JPA EntityManagerFactory for persistence unit 'default'
2024-05-29 20:53:06.195 INFO  [Thread-7] [com.zaxxer.hikari.HikariDataSource] - HikariPool-2 - Shutdown initiated...
2024-05-29 20:53:06.205 INFO  [Thread-7] [com.zaxxer.hikari.HikariDataSource] - HikariPool-2 - Shutdown completed.
2024-05-29 20:53:06.303 INFO  [restartedMain] [com.office.OfficeApplication] - Starting OfficeApplication using Java 17.0.9 with PID 17388 (C:\kimleeho\SoloProject\Office\build\classes\java\main started by kimleeho in C:\kimleeho\SoloProject\Office)
2024-05-29 20:53:06.304 INFO  [restartedMain] [com.office.OfficeApplication] - The following 1 profile is active: "local"
2024-05-29 20:53:06.470 INFO  [restartedMain] [o.s.d.r.c.RepositoryConfigurationDelegate] - Bootstrapping Spring Data JPA repositories in DEFAULT mode.
2024-05-29 20:53:06.473 INFO  [restartedMain] [o.s.d.r.c.RepositoryConfigurationDelegate] - Finished Spring Data repository scanning in 2 ms. Found 0 JPA repository interfaces.
2024-05-29 20:53:06.560 INFO  [restartedMain] [o.s.b.w.embedded.tomcat.TomcatWebServer] - Tomcat initialized with port 8085 (http)
2024-05-29 20:53:06.561 INFO  [restartedMain] [o.apache.coyote.http11.Http11NioProtocol] - Initializing ProtocolHandler ["http-nio-8085"]
2024-05-29 20:53:06.561 INFO  [restartedMain] [o.apache.catalina.core.StandardService] - Starting service [Tomcat]
2024-05-29 20:53:06.561 INFO  [restartedMain] [org.apache.catalina.core.StandardEngine] - Starting Servlet engine: [Apache Tomcat/10.1.18]
2024-05-29 20:53:06.575 INFO  [restartedMain] [o.a.c.c.C.[Tomcat].[localhost].[/]] - Initializing Spring embedded WebApplicationContext
2024-05-29 20:53:06.575 INFO  [restartedMain] [o.s.b.w.s.c.ServletWebServerApplicationContext] - Root WebApplicationContext: initialization completed in 270 ms
2024-05-29 20:53:06.615 INFO  [restartedMain] [com.zaxxer.hikari.HikariDataSource] - HikariPool-3 - Starting...
2024-05-29 20:53:06.618 INFO  [restartedMain] [com.zaxxer.hikari.pool.HikariPool] - HikariPool-3 - Added connection org.mariadb.jdbc.Connection@66d6ab43
2024-05-29 20:53:06.618 INFO  [restartedMain] [com.zaxxer.hikari.HikariDataSource] - HikariPool-3 - Start completed.
2024-05-29 20:53:06.619 INFO  [restartedMain] [o.hibernate.jpa.internal.util.LogHelper] - HHH000204: Processing PersistenceUnitInfo [name: default]
2024-05-29 20:53:06.622 INFO  [restartedMain] [o.h.c.internal.RegionFactoryInitiator] - HHH000026: Second-level cache disabled
2024-05-29 20:53:06.627 INFO  [restartedMain] [o.s.o.j.p.SpringPersistenceUnitInfo] - No LoadTimeWeaver setup: ignoring JPA class transformer
2024-05-29 20:53:06.638 INFO  [restartedMain] [o.h.e.t.j.p.i.JtaPlatformInitiator] - HHH000489: No JTA platform available (set 'hibernate.transaction.jta.platform' to enable JTA platform integration)
2024-05-29 20:53:06.638 INFO  [restartedMain] [o.s.o.j.LocalContainerEntityManagerFactoryBean] - Initialized JPA EntityManagerFactory for persistence unit 'default'
2024-05-29 20:53:06.655 WARN  [restartedMain] [o.s.b.a.o.j.JpaBaseConfiguration$JpaWebConfiguration] - spring.jpa.open-in-view is enabled by default. Therefore, database queries may be performed during view rendering. Explicitly configure spring.jpa.open-in-view to disable this warning
2024-05-29 20:53:06.826 INFO  [restartedMain] [o.s.s.web.DefaultSecurityFilterChain] - Will secure any request with [org.springframework.security.web.session.DisableEncodeUrlFilter@1784bff7, org.springframework.security.web.context.request.async.WebAsyncManagerIntegrationFilter@bf326e2, org.springframework.security.web.context.SecurityContextHolderFilter@52283ef0, org.springframework.security.web.header.HeaderWriterFilter@5bfb5e5b, org.springframework.web.filter.CorsFilter@424bb420, org.springframework.security.web.csrf.CsrfFilter@63118406, org.springframework.security.web.authentication.logout.LogoutFilter@785e3f3, org.springframework.security.web.authentication.UsernamePasswordAuthenticationFilter@5563824e, org.springframework.security.web.authentication.ui.DefaultLoginPageGeneratingFilter@1cbf774a, org.springframework.security.web.authentication.ui.DefaultLogoutPageGeneratingFilter@34278f2a, org.springframework.security.web.authentication.www.BasicAuthenticationFilter@7dd1796a, org.springframework.security.web.savedrequest.RequestCacheAwareFilter@3d76a107, org.springframework.security.web.servletapi.SecurityContextHolderAwareRequestFilter@1db7eb21, org.springframework.security.web.authentication.AnonymousAuthenticationFilter@6eef55e, org.springframework.security.web.access.ExceptionTranslationFilter@20001c34, org.springframework.security.web.access.intercept.AuthorizationFilter@422bc805]
2024-05-29 20:53:06.847 INFO  [restartedMain] [o.s.b.d.a.OptionalLiveReloadServer] - LiveReload server is running on port 35729
2024-05-29 20:53:06.866 INFO  [restartedMain] [o.apache.coyote.http11.Http11NioProtocol] - Starting ProtocolHandler ["http-nio-8085"]
2024-05-29 20:53:06.872 INFO  [restartedMain] [o.s.b.w.embedded.tomcat.TomcatWebServer] - Tomcat started on port 8085 (http) with context path ''
2024-05-29 20:53:06.882 INFO  [restartedMain] [com.office.OfficeApplication] - Started OfficeApplication in 0.629 seconds (process running for 51.651)
2024-05-29 20:53:06.885 INFO  [restartedMain] [o.s.b.d.a.ConditionEvaluationDeltaLoggingListener] - Condition evaluation unchanged
2024-05-29 20:54:33.953 INFO  [http-nio-8085-exec-1] [o.a.c.c.C.[Tomcat].[localhost].[/]] - Initializing Spring DispatcherServlet 'dispatcherServlet'
2024-05-29 20:54:33.953 INFO  [http-nio-8085-exec-1] [o.s.web.servlet.DispatcherServlet] - Initializing Servlet 'dispatcherServlet'
2024-05-29 20:54:33.955 INFO  [http-nio-8085-exec-1] [o.s.web.servlet.DispatcherServlet] - Completed initialization in 2 ms
2024-05-29 20:54:33.960 WARN  [http-nio-8085-exec-1] [o.s.web.servlet.PageNotFound] - No mapping for GET /index.html
2024-05-29 20:54:33.961 WARN  [http-nio-8085-exec-1] [o.s.web.servlet.PageNotFound] - No endpoint GET /index.html.
2024-05-29 20:54:35.186 WARN  [http-nio-8085-exec-2] [o.s.web.servlet.PageNotFound] - No mapping for GET /index.html
2024-05-29 20:54:35.187 WARN  [http-nio-8085-exec-2] [o.s.web.servlet.PageNotFound] - No endpoint GET /index.html.
2024-05-29 20:54:35.460 INFO  [File Watcher] [o.s.b.d.a.LocalDevToolsAutoConfiguration$RestartingClassPathChangeChangedEventListener] - Restarting due to 1 class path change (0 additions, 1 deletion, 0 modifications)
2024-05-29 20:54:35.462 INFO  [Thread-11] [o.apache.coyote.http11.Http11NioProtocol] - Stopping ProtocolHandler ["http-nio-8085"]
2024-05-29 20:54:35.473 INFO  [Thread-11] [o.s.o.j.LocalContainerEntityManagerFactoryBean] - Closing JPA EntityManagerFactory for persistence unit 'default'
2024-05-29 20:54:35.474 INFO  [Thread-11] [com.zaxxer.hikari.HikariDataSource] - HikariPool-3 - Shutdown initiated...
2024-05-29 20:54:35.477 INFO  [Thread-11] [com.zaxxer.hikari.HikariDataSource] - HikariPool-3 - Shutdown completed.
2024-05-29 20:54:35.546 INFO  [restartedMain] [com.office.OfficeApplication] - Starting OfficeApplication using Java 17.0.9 with PID 17388 (C:\kimleeho\SoloProject\Office\build\classes\java\main started by kimleeho in C:\kimleeho\SoloProject\Office)
2024-05-29 20:54:35.547 INFO  [restartedMain] [com.office.OfficeApplication] - The following 1 profile is active: "local"
2024-05-29 20:54:35.708 INFO  [restartedMain] [o.s.d.r.c.RepositoryConfigurationDelegate] - Bootstrapping Spring Data JPA repositories in DEFAULT mode.
2024-05-29 20:54:35.710 INFO  [restartedMain] [o.s.d.r.c.RepositoryConfigurationDelegate] - Finished Spring Data repository scanning in 1 ms. Found 0 JPA repository interfaces.
2024-05-29 20:54:35.817 INFO  [restartedMain] [o.s.b.w.embedded.tomcat.TomcatWebServer] - Tomcat initialized with port 8085 (http)
2024-05-29 20:54:35.817 INFO  [restartedMain] [o.apache.coyote.http11.Http11NioProtocol] - Initializing ProtocolHandler ["http-nio-8085"]
2024-05-29 20:54:35.818 INFO  [restartedMain] [o.apache.catalina.core.StandardService] - Starting service [Tomcat]
2024-05-29 20:54:35.818 INFO  [restartedMain] [org.apache.catalina.core.StandardEngine] - Starting Servlet engine: [Apache Tomcat/10.1.18]
2024-05-29 20:54:35.838 INFO  [restartedMain] [o.a.c.c.C.[Tomcat].[localhost].[/]] - Initializing Spring embedded WebApplicationContext
2024-05-29 20:54:35.838 INFO  [restartedMain] [o.s.b.w.s.c.ServletWebServerApplicationContext] - Root WebApplicationContext: initialization completed in 290 ms
2024-05-29 20:54:35.879 INFO  [restartedMain] [com.zaxxer.hikari.HikariDataSource] - HikariPool-4 - Starting...
2024-05-29 20:54:35.882 INFO  [restartedMain] [com.zaxxer.hikari.pool.HikariPool] - HikariPool-4 - Added connection org.mariadb.jdbc.Connection@23baa383
2024-05-29 20:54:35.884 INFO  [restartedMain] [com.zaxxer.hikari.HikariDataSource] - HikariPool-4 - Start completed.
2024-05-29 20:54:35.886 INFO  [restartedMain] [o.hibernate.jpa.internal.util.LogHelper] - HHH000204: Processing PersistenceUnitInfo [name: default]
2024-05-29 20:54:35.888 INFO  [restartedMain] [o.h.c.internal.RegionFactoryInitiator] - HHH000026: Second-level cache disabled
2024-05-29 20:54:35.894 INFO  [restartedMain] [o.s.o.j.p.SpringPersistenceUnitInfo] - No LoadTimeWeaver setup: ignoring JPA class transformer
2024-05-29 20:54:35.903 INFO  [restartedMain] [o.h.e.t.j.p.i.JtaPlatformInitiator] - HHH000489: No JTA platform available (set 'hibernate.transaction.jta.platform' to enable JTA platform integration)
2024-05-29 20:54:35.903 INFO  [restartedMain] [o.s.o.j.LocalContainerEntityManagerFactoryBean] - Initialized JPA EntityManagerFactory for persistence unit 'default'
2024-05-29 20:54:35.922 WARN  [restartedMain] [o.s.b.a.o.j.JpaBaseConfiguration$JpaWebConfiguration] - spring.jpa.open-in-view is enabled by default. Therefore, database queries may be performed during view rendering. Explicitly configure spring.jpa.open-in-view to disable this warning
2024-05-29 20:54:35.931 INFO  [restartedMain] [o.s.b.a.w.s.WelcomePageHandlerMapping] - Adding welcome page template: index
2024-05-29 20:54:36.047 INFO  [restartedMain] [o.s.s.web.DefaultSecurityFilterChain] - Will secure any request with [org.springframework.security.web.session.DisableEncodeUrlFilter@777d3f14, org.springframework.security.web.context.request.async.WebAsyncManagerIntegrationFilter@27478231, org.springframework.security.web.context.SecurityContextHolderFilter@2ac7fdfe, org.springframework.security.web.header.HeaderWriterFilter@6be56504, org.springframework.web.filter.CorsFilter@efbd5cd, org.springframework.security.web.csrf.CsrfFilter@6ade7b06, org.springframework.security.web.authentication.logout.LogoutFilter@6e4ca6bd, org.springframework.security.web.authentication.UsernamePasswordAuthenticationFilter@332356d2, org.springframework.security.web.authentication.ui.DefaultLoginPageGeneratingFilter@df01bef, org.springframework.security.web.authentication.ui.DefaultLogoutPageGeneratingFilter@3d237018, org.springframework.security.web.authentication.www.BasicAuthenticationFilter@38d16745, org.springframework.security.web.savedrequest.RequestCacheAwareFilter@33d8b5eb, org.springframework.security.web.servletapi.SecurityContextHolderAwareRequestFilter@4dfd8a11, org.springframework.security.web.authentication.AnonymousAuthenticationFilter@23386d37, org.springframework.security.web.access.ExceptionTranslationFilter@3908fa63, org.springframework.security.web.access.intercept.AuthorizationFilter@42624113]
2024-05-29 20:54:36.064 INFO  [restartedMain] [o.s.b.d.a.OptionalLiveReloadServer] - LiveReload server is running on port 35729
2024-05-29 20:54:36.074 INFO  [restartedMain] [o.apache.coyote.http11.Http11NioProtocol] - Starting ProtocolHandler ["http-nio-8085"]
2024-05-29 20:54:36.077 INFO  [restartedMain] [o.s.b.w.embedded.tomcat.TomcatWebServer] - Tomcat started on port 8085 (http) with context path ''
2024-05-29 20:54:36.084 INFO  [restartedMain] [com.office.OfficeApplication] - Started OfficeApplication in 0.57 seconds (process running for 140.853)
2024-05-29 20:54:36.086 INFO  [restartedMain] [o.s.b.d.a.ConditionEvaluationDeltaLoggingListener] - Condition evaluation unchanged
2024-05-29 20:54:36.281 INFO  [http-nio-8085-exec-1] [o.a.c.c.C.[Tomcat].[localhost].[/]] - Initializing Spring DispatcherServlet 'dispatcherServlet'
2024-05-29 20:54:36.281 INFO  [http-nio-8085-exec-1] [o.s.web.servlet.DispatcherServlet] - Initializing Servlet 'dispatcherServlet'
2024-05-29 20:54:36.285 INFO  [http-nio-8085-exec-1] [o.s.web.servlet.DispatcherServlet] - Completed initialization in 4 ms
2024-05-29 20:54:37.505 INFO  [File Watcher] [o.s.b.d.a.LocalDevToolsAutoConfiguration$RestartingClassPathChangeChangedEventListener] - Restarting due to 23 class path changes (2 additions, 19 deletions, 2 modifications)
2024-05-29 20:54:37.508 INFO  [Thread-15] [o.apache.coyote.http11.Http11NioProtocol] - Stopping ProtocolHandler ["http-nio-8085"]
2024-05-29 20:54:37.519 INFO  [Thread-15] [o.s.o.j.LocalContainerEntityManagerFactoryBean] - Closing JPA EntityManagerFactory for persistence unit 'default'
2024-05-29 20:54:37.525 INFO  [Thread-15] [com.zaxxer.hikari.HikariDataSource] - HikariPool-4 - Shutdown initiated...
2024-05-29 20:54:37.529 INFO  [Thread-15] [com.zaxxer.hikari.HikariDataSource] - HikariPool-4 - Shutdown completed.
2024-05-29 20:54:37.623 INFO  [restartedMain] [com.office.OfficeApplication] - Starting OfficeApplication using Java 17.0.9 with PID 17388 (C:\kimleeho\SoloProject\Office\build\classes\java\main started by kimleeho in C:\kimleeho\SoloProject\Office)
2024-05-29 20:54:37.623 INFO  [restartedMain] [com.office.OfficeApplication] - The following 1 profile is active: "local"
2024-05-29 20:54:37.777 INFO  [restartedMain] [o.s.d.r.c.RepositoryConfigurationDelegate] - Bootstrapping Spring Data JPA repositories in DEFAULT mode.
2024-05-29 20:54:37.779 INFO  [restartedMain] [o.s.d.r.c.RepositoryConfigurationDelegate] - Finished Spring Data repository scanning in 1 ms. Found 0 JPA repository interfaces.
2024-05-29 20:54:37.851 INFO  [restartedMain] [o.s.b.w.embedded.tomcat.TomcatWebServer] - Tomcat initialized with port 8085 (http)
2024-05-29 20:54:37.852 INFO  [restartedMain] [o.apache.coyote.http11.Http11NioProtocol] - Initializing ProtocolHandler ["http-nio-8085"]
2024-05-29 20:54:37.852 INFO  [restartedMain] [o.apache.catalina.core.StandardService] - Starting service [Tomcat]
2024-05-29 20:54:37.852 INFO  [restartedMain] [org.apache.catalina.core.StandardEngine] - Starting Servlet engine: [Apache Tomcat/10.1.18]
2024-05-29 20:54:37.866 INFO  [restartedMain] [o.a.c.c.C.[Tomcat].[localhost].[/]] - Initializing Spring embedded WebApplicationContext
2024-05-29 20:54:37.866 INFO  [restartedMain] [o.s.b.w.s.c.ServletWebServerApplicationContext] - Root WebApplicationContext: initialization completed in 242 ms
2024-05-29 20:54:37.909 INFO  [restartedMain] [com.zaxxer.hikari.HikariDataSource] - HikariPool-5 - Starting...
2024-05-29 20:54:37.912 INFO  [restartedMain] [com.zaxxer.hikari.pool.HikariPool] - HikariPool-5 - Added connection org.mariadb.jdbc.Connection@7060337a
2024-05-29 20:54:37.912 INFO  [restartedMain] [com.zaxxer.hikari.HikariDataSource] - HikariPool-5 - Start completed.
2024-05-29 20:54:37.913 INFO  [restartedMain] [o.hibernate.jpa.internal.util.LogHelper] - HHH000204: Processing PersistenceUnitInfo [name: default]
2024-05-29 20:54:37.916 INFO  [restartedMain] [o.h.c.internal.RegionFactoryInitiator] - HHH000026: Second-level cache disabled
2024-05-29 20:54:37.920 INFO  [restartedMain] [o.s.o.j.p.SpringPersistenceUnitInfo] - No LoadTimeWeaver setup: ignoring JPA class transformer
2024-05-29 20:54:37.930 INFO  [restartedMain] [o.h.e.t.j.p.i.JtaPlatformInitiator] - HHH000489: No JTA platform available (set 'hibernate.transaction.jta.platform' to enable JTA platform integration)
2024-05-29 20:54:37.930 INFO  [restartedMain] [o.s.o.j.LocalContainerEntityManagerFactoryBean] - Initialized JPA EntityManagerFactory for persistence unit 'default'
2024-05-29 20:54:37.947 WARN  [restartedMain] [o.s.b.a.o.j.JpaBaseConfiguration$JpaWebConfiguration] - spring.jpa.open-in-view is enabled by default. Therefore, database queries may be performed during view rendering. Explicitly configure spring.jpa.open-in-view to disable this warning
2024-05-29 20:54:37.954 INFO  [restartedMain] [o.s.b.a.w.s.WelcomePageHandlerMapping] - Adding welcome page template: index
2024-05-29 20:54:38.053 INFO  [restartedMain] [o.s.s.web.DefaultSecurityFilterChain] - Will secure any request with [org.springframework.security.web.session.DisableEncodeUrlFilter@79548396, org.springframework.security.web.context.request.async.WebAsyncManagerIntegrationFilter@59aec588, org.springframework.security.web.context.SecurityContextHolderFilter@59a332a, org.springframework.security.web.header.HeaderWriterFilter@3c4a2704, org.springframework.web.filter.CorsFilter@1664fd75, org.springframework.security.web.csrf.CsrfFilter@7e61821c, org.springframework.security.web.authentication.logout.LogoutFilter@fae2f28, org.springframework.security.web.authentication.UsernamePasswordAuthenticationFilter@5db256ee, org.springframework.security.web.authentication.ui.DefaultLoginPageGeneratingFilter@6559d304, org.springframework.security.web.authentication.ui.DefaultLogoutPageGeneratingFilter@6aab51bb, org.springframework.security.web.authentication.www.BasicAuthenticationFilter@239be51f, org.springframework.security.web.savedrequest.RequestCacheAwareFilter@779920e7, org.springframework.security.web.servletapi.SecurityContextHolderAwareRequestFilter@846b70f, org.springframework.security.web.authentication.AnonymousAuthenticationFilter@37be274b, org.springframework.security.web.access.ExceptionTranslationFilter@126da9a2, org.springframework.security.web.access.intercept.AuthorizationFilter@19073bb7]
2024-05-29 20:54:38.064 INFO  [restartedMain] [o.s.b.d.a.OptionalLiveReloadServer] - LiveReload server is running on port 35729
2024-05-29 20:54:38.074 INFO  [restartedMain] [o.apache.coyote.http11.Http11NioProtocol] - Starting ProtocolHandler ["http-nio-8085"]
2024-05-29 20:54:38.076 INFO  [restartedMain] [o.s.b.w.embedded.tomcat.TomcatWebServer] - Tomcat started on port 8085 (http) with context path ''
2024-05-29 20:54:38.082 INFO  [restartedMain] [com.office.OfficeApplication] - Started OfficeApplication in 0.494 seconds (process running for 142.851)
2024-05-29 20:54:38.083 INFO  [restartedMain] [o.s.b.d.a.ConditionEvaluationDeltaLoggingListener] - Condition evaluation unchanged
2024-05-29 20:55:07.992 INFO  [SpringApplicationShutdownHook] [o.s.o.j.LocalContainerEntityManagerFactoryBean] - Closing JPA EntityManagerFactory for persistence unit 'default'
2024-05-29 20:55:07.993 INFO  [SpringApplicationShutdownHook] [com.zaxxer.hikari.HikariDataSource] - HikariPool-5 - Shutdown initiated...
2024-05-29 20:55:07.995 INFO  [SpringApplicationShutdownHook] [com.zaxxer.hikari.HikariDataSource] - HikariPool-5 - Shutdown completed.
